<?xml version="1.0" encoding="UTF-8"?>
<testsuite xmlns:xsi="http://www.w3.org/2001/XMLSchema-instance" xsi:noNamespaceSchemaLocation="https://maven.apache.org/surefire/maven-surefire-plugin/xsd/surefire-test-report.xsd" version="3.0.2" name="org.se.outl.OutLApplicationTests" time="13.898" tests="1" errors="0" skipped="0" failures="0">
  <properties>
[...]
</properties>
  <testcase name="contextLoads" classname="org.se.outl.OutLApplicationTests" time="2.118">
    <system-out><![CDATA[22:47:09.213 [main] INFO org.springframework.test.context.support.AnnotationConfigContextLoaderUtils -- Could not detect default configuration classes for test class [org.se.outl.OutLApplicationTests]: OutLApplicationTests does not declare any static, non-private, non-final, nested classes annotated with @Configuration.
22:47:09.604 [main] INFO org.springframework.boot.test.context.SpringBootTestContextBootstrapper -- Found @SpringBootConfiguration org.se.outl.OutLApplication for test class org.se.outl.OutLApplicationTests

  .   ____          _            __ _ _
 /\\ / ___'_ __ _ _(_)_ __  __ _ \ \ \ \
( ( )\___ | '_ | '_| | '_ \/ _` | \ \ \ \
 \\/  ___)| |_)| | | | | || (_| |  ) ) ) )
  '  |____| .__|_| |_|_| |_\__, | / / / /
 =========|_|==============|___/=/_/_/_/

 :: Spring Boot ::                (v3.4.1)

2024-12-30T22:47:11.076+08:00  WARN 21816 --- [           main] ory$DuplicateJsonObjectContextCustomizer : 

Found multiple occurrences of org.json.JSONObject on the class path:

	jar:file:/C:/Users/lenovo/.m2/repository/org/json/json/20211205/json-20211205.jar!/org/json/JSONObject.class
	jar:file:/C:/Users/lenovo/.m2/repository/com/vaadin/external/google/android-json/0.0.20131108.vaadin1/android-json-0.0.20131108.vaadin1.jar!/org/json/JSONObject.class

You may wish to exclude one of them to ensure predictable runtime behavior

2024-12-30T22:47:11.168+08:00  INFO 21816 --- [           main] org.se.outl.OutLApplicationTests         : Starting OutLApplicationTests using Java 21.0.5 with PID 21816 (started by lenovo in D:\文件\理科\软件\软件工程\期末项目\高德测试\OutsideLife\outsidelife)
2024-12-30T22:47:11.170+08:00  INFO 21816 --- [           main] org.se.outl.OutLApplicationTests         : No active profile set, falling back to 1 default profile: "default"
2024-12-30T22:47:13.620+08:00  INFO 21816 --- [           main] .s.d.r.c.RepositoryConfigurationDelegate : Multiple Spring Data modules found, entering strict repository configuration mode
2024-12-30T22:47:13.632+08:00  INFO 21816 --- [           main] .s.d.r.c.RepositoryConfigurationDelegate : Bootstrapping Spring Data Redis repositories in DEFAULT mode.
2024-12-30T22:47:13.731+08:00  INFO 21816 --- [           main] .s.d.r.c.RepositoryConfigurationDelegate : Finished Spring Data repository scanning in 23 ms. Found 0 Redis repository interfaces.
 _ _   |_  _ _|_. ___ _ |    _ 
| | |\/|_)(_| | |_\  |_)||_|_\ 
     /               |         
                        3.5.7 
2024-12-30T22:47:20.361+08:00  INFO 21816 --- [           main] org.se.outl.OutLApplicationTests         : Started OutLApplicationTests in 10.213 seconds (process running for 13.311)
]]></system-out>
    <system-err><![CDATA[Mockito is currently self-attaching to enable the inline-mock-maker. This will no longer work in future releases of the JDK. Please add Mockito as an agent to your build what is described in Mockito's documentation: https://javadoc.io/doc/org.mockito/mockito-core/latest/org/mockito/Mockito.html#0.3
WARNING: A Java agent has been loaded dynamically (C:\Users\lenovo\.m2\repository\net\bytebuddy\byte-buddy-agent\1.15.11\byte-buddy-agent-1.15.11.jar)
WARNING: If a serviceability tool is in use, please run with -XX:+EnableDynamicAgentLoading to hide this warning
WARNING: If a serviceability tool is not in use, please run with -Djdk.instrument.traceUsage for more information
WARNING: Dynamic loading of agents will be disallowed by default in a future release
]]></system-err>
  </testcase>
</testsuite>